\BOOKMARK [0][-]{chapter.1}{\376\377\000E\000i\000n\000f\000\374\000h\000r\000u\000n\000g\000\040\000u\000n\000d\000\040\000E\000i\000n\000l\000e\000i\000t\000u\000n\000g}{}% 1
\BOOKMARK [1][-]{section.1.1}{\376\377\000N\000o\000t\000a\000t\000i\000o\000n\000\040\000u\000n\000d\000\040\000k\000u\000r\000z\000e\000\040\000W\000i\000e\000d\000e\000r\000h\000o\000l\000u\000n\000g}{chapter.1}% 2
\BOOKMARK [1][-]{section.1.2}{\376\377\000V\000i\000e\000l\000t\000e\000i\000l\000c\000h\000e\000n\000s\000y\000s\000t\000e\000m\000e}{chapter.1}% 3
\BOOKMARK [1][-]{section.1.3}{\376\377\000Z\000w\000a\000n\000g\000s\000b\000e\000d\000i\000n\000g\000u\000n\000g\000e\000n\000\040\000u\000n\000d\000\040\000v\000e\000r\000a\000l\000l\000g\000e\000m\000e\000i\000n\000e\000r\000t\000e\000\040\000K\000o\000o\000r\000d\000i\000n\000a\000t\000e\000n}{chapter.1}% 4
\BOOKMARK [0][-]{chapter.2}{\376\377\000D\000'\000A\000l\000e\000m\000b\000e\000r\000t\000s\000c\000h\000e\000r\000\040\000G\000r\000u\000n\000d\000s\000a\000t\000z\000\040\000u\000n\000d\000\040\000L\000a\000g\000r\000a\000n\000g\000e\000s\000c\000h\000e\000\040\000G\000l\000e\000i\000c\000h\000u\000n\000g\000e\000n}{}% 5
\BOOKMARK [1][-]{section.2.1}{\376\377\000V\000i\000r\000t\000u\000e\000l\000l\000e\000\040\000V\000e\000r\000s\000c\000h\000i\000e\000b\000u\000n\000g}{chapter.2}% 6
\BOOKMARK [1][-]{section.2.2}{\376\377\000D\000y\000n\000a\000m\000i\000s\000c\000h\000e\000r\000\040\000F\000a\000l\000l}{chapter.2}% 7
\BOOKMARK [2][-]{subsection.2.2.1}{\376\377\000G\000e\000n\000a\000u\000e\000r\000e\000\040\000B\000e\000t\000r\000a\000c\000h\000t\000u\000n\000g\000\040\000d\000e\000s\000\040\000P\000r\000i\000n\000z\000i\000p\000s}{section.2.2}% 8
\BOOKMARK [2][-]{subsection.2.2.2}{\376\377\000B\000e\000t\000r\000a\000c\000h\000t\000u\000n\000g\000\040\000d\000e\000s\000\040\000z\000w\000e\000i\000t\000e\000n\000\040\000T\000e\000r\000m\000s\000\040\000i\000m\000\040\000d\000'\000A\000l\000e\000m\000b\000e\000r\000t\000s\000c\000h\000e\000n\000\040\000P\000r\000i\000n\000z\000i\000p}{section.2.2}% 9
\BOOKMARK [1][-]{section.2.3}{\376\377\000K\000o\000n\000s\000e\000r\000v\000a\000t\000i\000v\000e\000\040\000S\000y\000s\000t\000e\000m\000e}{chapter.2}% 10
\BOOKMARK [1][-]{section.2.4}{\376\377\000R\000e\000i\000b\000u\000n\000g\000\040\000u\000n\000d\000\040\000a\000n\000d\000e\000r\000e\000\040\000g\000e\000s\000c\000h\000w\000i\000n\000d\000i\000g\000k\000e\000i\000t\000s\000a\000b\000h\000\344\000n\000g\000i\000g\000e\000\040\000P\000o\000t\000e\000n\000t\000i\000a\000l\000e}{chapter.2}% 11
\BOOKMARK [0][-]{chapter.3}{\376\377\000W\000i\000e\000d\000e\000r\000h\000o\000l\000u\000n\000g\000\040\000u\000n\000d\000\040\000R\000e\000i\000b\000u\000n\000g}{}% 12
\BOOKMARK [1][-]{section.3.1}{\376\377\000R\000e\000i\000b\000u\000n\000g}{chapter.3}% 13
\BOOKMARK [0][-]{chapter.4}{\376\377\000H\000a\000m\000i\000l\000t\000o\000n}{}% 14
\BOOKMARK [1][-]{section.4.1}{\376\377\000H\000a\000m\000i\000l\000t\000o\000n\000\040\000P\000r\000i\000n\000z\000i\000p\000\040\000u\000n\000d\000\040\000A\000s\000p\000e\000k\000t\000e\000\040\000d\000e\000r\000\040\000V\000a\000r\000i\000a\000t\000i\000o\000n\000s\000r\000e\000c\000h\000n\000u\000n\000g}{chapter.4}% 15
\BOOKMARK [1][-]{section.4.2}{\376\377\000A\000b\000l\000e\000i\000t\000u\000n\000g\000\040\000L\000a\000g\000r\000a\000n\000g\000e\000\040\000v\000o\000n\000\040\000H\000a\000m\000i\000l\000t\000o\000n}{chapter.4}% 16
\BOOKMARK [1][-]{section.4.3}{\376\377\000H\000a\000m\000i\000l\000t\000o\000n\000'\000s\000\040\000p\000r\000i\000n\000c\000i\000p\000l\000e\000\040\000f\000o\000r\000\040\000n\000o\000n\000-\000h\000o\000l\000o\000n\000o\000m\000i\000c\000\040\000s\000y\000s\000t\000e\000m\000s}{chapter.4}% 17
\BOOKMARK [1][-]{section.4.4}{\376\377\000C\000o\000n\000v\000e\000r\000s\000a\000t\000i\000o\000n\000\040\000l\000a\000w\000s\000\040\000a\000n\000d\000\040\000s\000y\000m\000m\000e\000t\000r\000i\000e\000s}{chapter.4}% 18
\BOOKMARK [0][-]{chapter.5}{\376\377\000W\000e\000i\000t\000e\000r\000f\000\374\000h\000r\000u\000n\000g\000\040\000H\000a\000m\000i\000l\000t\000o\000n}{}% 19
\BOOKMARK [0][-]{chapter.6}{\376\377\000S\000y\000m\000m\000e\000t\000r\000i\000e\000n}{}% 20
\BOOKMARK [1][-]{section.6.1}{\376\377\000E\000r\000h\000a\000l\000t\000u\000n\000g\000s\000s\000\344\000t\000z\000e\000\040\000u\000n\000d\000\040\000S\000y\000m\000m\000e\000t\000r\000i\000e\000n}{chapter.6}% 21
\BOOKMARK [1][-]{section.6.2}{\376\377\000N\000o\000e\000t\000h\000e\000r\000-\000T\000h\000e\000o\000r\000e\000m}{chapter.6}% 22
\BOOKMARK [2][-]{subsection.6.2.1}{\376\377\000T\000r\000a\000n\000s\000l\000a\000t\000i\000o\000n\000s\000s\000y\000m\000m\000e\000t\000r\000i\000e}{section.6.2}% 23
\BOOKMARK [2][-]{subsection.6.2.2}{\376\377\000R\000o\000t\000a\000t\000i\000o\000n\000s\000s\000y\000m\000m\000e\000t\000r\000i\000e}{section.6.2}% 24
\BOOKMARK [2][-]{subsection.6.2.3}{\376\377\000Z\000e\000i\000t\000s\000y\000m\000m\000e\000t\000r\000i\000e}{section.6.2}% 25
\BOOKMARK [0][-]{chapter.7}{\376\377\000L\000a\000g\000r\000a\000n\000g\000e\000\040\000T\000r\000a\000n\000s\000f\000o\000r\000m\000a\000t\000i\000o\000n}{}% 26
\BOOKMARK [1][-]{section.7.1}{\376\377\000L\000a\000g\000r\000a\000n\000g\000e\000\040\000T\000r\000a\000n\000s\000f\000o\000r\000m\000a\000t\000i\000o\000n}{chapter.7}% 27
\BOOKMARK [2][-]{subsection.7.1.1}{\376\377\000A\000l\000l\000g\000e\000m\000e\000i\000n\000e\000r\000\040\000A\000n\000s\000a\000t\000z}{section.7.1}% 28
\BOOKMARK [2][-]{subsection.7.1.2}{\376\377\000A\000n\000w\000e\000n\000d\000u\000n\000g\000\040\000a\000u\000f\000\040\000L\000a\000g\000r\000a\000n\000g\000e}{section.7.1}% 29
\BOOKMARK [0][-]{chapter.8}{\376\377\000V\000i\000r\000i\000a\000l\000-\000\040\000u\000n\000d\000\040\000K\000e\000p\000l\000e\000r\000\040\000P\000r\000o\000b\000l\000e\000m}{}% 30
\BOOKMARK [1][-]{section.8.1}{\376\377\000D\000a\000s\000\040\000V\000i\000r\000i\000a\000l\000p\000r\000o\000b\000l\000e\000m}{chapter.8}% 31
\BOOKMARK [0][-]{chapter.9}{\376\377\000N\000a\000,\000\040\000n\000i\000c\000h\000t\000\040\000a\000u\000f\000g\000e\000p\000a\000s\000s\000t\000?}{}% 32
\BOOKMARK [0][-]{chapter.10}{\376\377\000H\000y\000p\000e\000r\000b\000o\000l\000i\000s\000c\000h\000e\000\040\000L\000a\000u\000f\000b\000a\000h\000n\000e\000n}{}% 33
\BOOKMARK [1][-]{section.10.1}{\376\377\000S\000t\000r\000e\000u\000u\000n\000g\000s\000q\000u\000e\000r\000s\000c\000h\000n\000i\000t\000t}{chapter.10}% 34
\BOOKMARK [1][-]{section.10.2}{\376\377\000B\000e\000i\000s\000p\000i\000e\000l\000\040\000S\000t\000r\000e\000u\000u\000n\000g\000\040\000g\000e\000l\000a\000d\000e\000n\000e\000r\000\040\000T\000e\000i\000l\000c\000h\000e\000n}{chapter.10}% 35
\BOOKMARK [1][-]{section.10.3}{\376\377\000S\000t\000r\000e\000u\000p\000a\000r\000a\000m\000e\000t\000e\000r\000\040\000u\000n\000d\000\040\000W\000i\000n\000k\000e\000l}{chapter.10}% 36
\BOOKMARK [0][-]{chapter.11}{\376\377\000O\000r\000t\000h\000o\000g\000o\000n\000a\000l\000e\000\040\000T\000r\000a\000n\000s\000f\000o\000r\000m\000a\000t\000i\000o\000n\000e\000n}{}% 37
\BOOKMARK [1][-]{section.11.1}{\376\377\000D\000a\000s\000\040\000V\000e\000k\000t\000o\000r\000r\000e\000z\000e\000p\000t}{chapter.11}% 38
\BOOKMARK [1][-]{section.11.2}{\376\377\000D\000i\000e\000\040\000W\000i\000n\000k\000e\000l\000z\000u\000o\000r\000d\000n\000u\000n\000g}{chapter.11}% 39
\BOOKMARK [0][-]{chapter.12}{\376\377\000N\000a\000,\000\040\000n\000i\000c\000h\000t\000\040\000a\000u\000f\000g\000e\000p\000a\000s\000s\000t\000?}{}% 40
\BOOKMARK [0][-]{chapter.13}{\376\377\000G\000e\000k\000o\000p\000p\000e\000l\000t\000e\000r\000\040\000O\000s\000z\000i\000l\000l\000a\000t\000o\000r}{}% 41
\BOOKMARK [1][-]{section.13.1}{\376\377\000G\000e\000k\000o\000p\000p\000e\000l\000t\000e\000r\000\040\000O\000s\000z\000i\000l\000l\000a\000t\000o\000r}{chapter.13}% 42
\BOOKMARK [1][-]{section.13.2}{\376\377\000M\000e\000h\000r\000t\000e\000i\000l\000c\000h\000e\000n\000s\000y\000s\000t\000e\000m\000e}{chapter.13}% 43
\BOOKMARK [0][-]{chapter.14}{\376\377\000F\000o\000r\000t\000s\000e\000t\000z\000u\000n\000g\000\040\000O\000s\000z\000i\000l\000l\000a\000t\000o\000r}{}% 44
\BOOKMARK [0][-]{chapter.15}{\376\377\000S\000p\000e\000z\000i\000e\000l\000l\000e\000\040\000R\000e\000l\000a\000t\000i\000v\000i\000t\000\344\000t\000s\000t\000h\000e\000o\000r\000i\000e\000\040\000E\000i\000n\000l\000e\000i\000t\000u\000n\000g}{}% 45
\BOOKMARK [1][-]{section.15.1}{\376\377\000E\000i\000n\000l\000e\000i\000t\000u\000n\000g\000\040\000u\000n\000d\000\040\000P\000o\000s\000t\000u\000l\000a\000t\000e}{chapter.15}% 46
\BOOKMARK [1][-]{section.15.2}{\376\377\000M\000i\000n\000k\000o\000w\000s\000k\000i\000-\000R\000a\000u\000m}{chapter.15}% 47
\BOOKMARK [0][-]{chapter.16}{\376\377\000G\000a\000l\000i\000l\000e\000i\000-\000\040\000u\000n\000d\000\040\000L\000o\000r\000e\000n\000t\000z\000-\000T\000r\000a\000n\000s\000f\000o\000r\000m\000a\000t\000i\000o\000n}{}% 48
\BOOKMARK [1][-]{section.16.1}{\376\377\000T\000r\000a\000n\000s\000f\000o\000r\000m\000a\000t\000i\000o\000n\000e\000n}{chapter.16}% 49
\BOOKMARK [1][-]{section.16.2}{\376\377\000M\000a\000x\000w\000e\000l\000l\000\040\000G\000l\000e\000i\000c\000h\000u\000n\000g\000e\000n}{chapter.16}% 50
\BOOKMARK [0][-]{chapter.17}{\376\377\000N\000a\000,\000\040\000n\000i\000c\000h\000t\000\040\000a\000u\000f\000g\000e\000p\000a\000s\000s\000t\000?}{}% 51
\BOOKMARK [1][-]{section.17.1}{\376\377\000L\000o\000r\000e\000n\000t\000z\000-\000K\000o\000v\000a\000r\000i\000a\000n\000t\000e\000\040\000F\000o\000r\000m\000u\000l\000i\000e\000r\000u\000n\000g}{chapter.17}% 52
\BOOKMARK [1][-]{section.17.2}{\376\377\000B\000e\000i\000s\000p\000i\000e\000l\000e}{chapter.17}% 53
\BOOKMARK [2][-]{subsection.17.2.1}{\376\377\000D\000a\000s\000\040\000Z\000w\000i\000l\000l\000i\000n\000g\000s\000p\000a\000r\000a\000d\000o\000x\000o\000n}{section.17.2}% 54
\BOOKMARK [0][-]{chapter.18}{\376\377\000N\000a\000,\000\040\000n\000i\000c\000h\000t\000\040\000a\000u\000f\000g\000e\000p\000a\000s\000s\000t\000?}{}% 55
\BOOKMARK [0][-]{chapter.19}{\376\377\000N\000a\000,\000\040\000n\000i\000c\000h\000t\000\040\000a\000u\000f\000g\000e\000p\000a\000s\000s\000t\000?}{}% 56
\BOOKMARK [1][-]{section.19.1}{\376\377\000M\000a\000x\000w\000e\000l\000l\000s\000c\000h\000e\000\040\000G\000l\000e\000i\000c\000h\000u\000n\000g}{chapter.19}% 57
\BOOKMARK [1][-]{section.19.2}{\376\377\000R\000e\000l\000a\000t\000i\000v\000i\000s\000t\000i\000s\000c\000h\000e\000\040\000M\000e\000c\000h\000a\000n\000i\000k\000\040\000u\000n\000d\000\040\000K\000i\000n\000e\000m\000a\000t\000i\000k}{chapter.19}% 58
\BOOKMARK [0][-]{chapter.20}{\376\377\000N\000a\000,\000\040\000n\000i\000c\000h\000t\000\040\000a\000u\000f\000g\000e\000p\000a\000s\000s\000t\000?}{}% 59
\BOOKMARK [0][-]{chapter.21}{\376\377\000P\000o\000i\000s\000s\000o\000n\000-\000K\000l\000a\000m\000m\000e\000r\000n}{}% 60
\BOOKMARK [1][-]{section.21.1}{\376\377\000P\000o\000i\000s\000s\000o\000n\000-\000K\000l\000a\000m\000m\000e\000r\000n}{chapter.21}% 61
\BOOKMARK [1][-]{section.21.2}{\376\377\000T\000h\000e\000o\000r\000e\000m\000e}{chapter.21}% 62
